[{"line":1,"elements":[{"start_timestamp":"2023-02-18T04:12:16.664Z","line":3,"name":"Login with Valid Credentials","description":"","id":"loginpage-testcases;login-with-valid-credentials","type":"scenario","keyword":"Scenario","steps":[{"result":{"duration":12608641700,"status":"passed"},"line":4,"name":"Open Browser","match":{"location":"com.stepdefinition.LoginPageSD.open_browser()"},"keyword":"Given "},{"result":{"duration":9274829400,"status":"passed"},"line":5,"name":"Launch Adactin URL","match":{"location":"com.stepdefinition.LoginPageSD.launch_adactin_url()"},"keyword":"And "},{"result":{"duration":1284609100,"status":"passed"},"line":6,"name":"Enter the Username \"Muthulakshmi07\"","match":{"arguments":[{"val":"\"Muthulakshmi07\"","offset":19}],"location":"com.stepdefinition.LoginPageSD.enter_the_username(java.lang.String)"},"keyword":"When "},{"result":{"duration":1324831600,"status":"passed"},"line":7,"name":"Enter the Password \"Viji@1703\"","match":{"arguments":[{"val":"\"Viji@1703\"","offset":19}],"location":"com.stepdefinition.LoginPageSD.enter_the_password(java.lang.String)"},"keyword":"And "},{"result":{"duration":2850200000,"status":"passed"},"line":8,"name":"Click on Login button","match":{"location":"com.stepdefinition.LoginPageSD.click_on_login_button()"},"keyword":"And "},{"result":{"duration":382924100,"status":"passed"},"line":9,"name":"Validate User Logged successfully","match":{"location":"com.stepdefinition.LoginPageSD.validate_user_logged_successfully()"},"keyword":"Then "}]},{"start_timestamp":"2023-02-18T04:12:44.561Z","line":21,"name":"Login with different possibility of Credentials","description":"","id":"loginpage-testcases;login-with-different-possibility-of-credentials;;2","type":"scenario","keyword":"Scenario Outline","steps":[{"result":{"duration":5801632900,"status":"passed"},"line":12,"name":"Open Browser","match":{"location":"com.stepdefinition.LoginPageSD.open_browser()"},"keyword":"Given "},{"result":{"duration":5083533900,"status":"passed"},"line":13,"name":"Launch Adactin URL","match":{"location":"com.stepdefinition.LoginPageSD.launch_adactin_url()"},"keyword":"And "},{"result":{"duration":6816571300,"status":"passed"},"line":14,"name":"Enter the Username as \"Ragu\"","match":{"arguments":[{"val":"\"Ragu\"","offset":22}],"location":"com.stepdefinition.LoginPageSD.enter_the_username_as(java.lang.String)"},"keyword":"When "},{"result":{"duration":2213171900,"status":"passed"},"line":15,"name":"Enter the Password as \"ragu123\"","match":{"arguments":[{"val":"\"ragu123\"","offset":22}],"location":"com.stepdefinition.LoginPageSD.enter_the_password_as(java.lang.String)"},"keyword":"And "},{"result":{"duration":2287057600,"status":"passed"},"line":16,"name":"Click on Login button","match":{"location":"com.stepdefinition.LoginPageSD.click_on_login_button()"},"keyword":"And "},{"result":{"error_message":"org.openqa.selenium.NoSuchElementException: no such element: Unable to locate element: {\"method\":\"xpath\",\"selector\":\"//*[@name='username_show']\"}\n  (Session info: chrome=110.0.5481.96)\nFor documentation on this error, please visit: https://www.seleniumhq.org/exceptions/no_such_element.html\nBuild info: version: '3.141.59', revision: 'e82be7d358', time: '2018-11-14T08:17:03'\nSystem info: host: 'LAPTOP-O1ONHJO3', ip: '192.168.25.31', os.name: 'Windows 10', os.arch: 'amd64', os.version: '10.0', java.version: '16.0.2'\nDriver info: org.openqa.selenium.chrome.ChromeDriver\nCapabilities {acceptInsecureCerts: false, browserName: chrome, browserVersion: 110.0.5481.96, chrome: {chromedriverVersion: 110.0.5481.77 (65ed616c6e8e..., userDataDir: C:\\Users\\Admin\\AppData\\Loca...}, goog:chromeOptions: {debuggerAddress: localhost:56661}, javascriptEnabled: true, networkConnectionEnabled: false, pageLoadStrategy: normal, platform: WINDOWS, platformName: WINDOWS, proxy: Proxy(), setWindowRect: true, strictFileInteractability: false, timeouts: {implicit: 0, pageLoad: 300000, script: 30000}, unhandledPromptBehavior: dismiss and notify, webauthn:extension:credBlob: true, webauthn:extension:largeBlob: true, webauthn:virtualAuthenticators: true}\nSession ID: 8c6c9033df743fe831c3fae8625973e4\n*** Element info: {Using=xpath, value=//*[@name='username_show']}\r\n\tat java.base/jdk.internal.reflect.NativeConstructorAccessorImpl.newInstance0(Native Method)\r\n\tat java.base/jdk.internal.reflect.NativeConstructorAccessorImpl.newInstance(NativeConstructorAccessorImpl.java:78)\r\n\tat java.base/jdk.internal.reflect.DelegatingConstructorAccessorImpl.newInstance(DelegatingConstructorAccessorImpl.java:45)\r\n\tat java.base/java.lang.reflect.Constructor.newInstanceWithCaller(Constructor.java:499)\r\n\tat java.base/java.lang.reflect.Constructor.newInstance(Constructor.java:480)\r\n\tat org.openqa.selenium.remote.http.W3CHttpResponseCodec.createException(W3CHttpResponseCodec.java:187)\r\n\tat org.openqa.selenium.remote.http.W3CHttpResponseCodec.decode(W3CHttpResponseCodec.java:122)\r\n\tat org.openqa.selenium.remote.http.W3CHttpResponseCodec.decode(W3CHttpResponseCodec.java:49)\r\n\tat org.openqa.selenium.remote.HttpCommandExecutor.execute(HttpCommandExecutor.java:158)\r\n\tat org.openqa.selenium.remote.service.DriverCommandExecutor.execute(DriverCommandExecutor.java:83)\r\n\tat org.openqa.selenium.remote.RemoteWebDriver.execute(RemoteWebDriver.java:552)\r\n\tat org.openqa.selenium.remote.RemoteWebDriver.findElement(RemoteWebDriver.java:323)\r\n\tat org.openqa.selenium.remote.RemoteWebDriver.findElementByXPath(RemoteWebDriver.java:428)\r\n\tat org.openqa.selenium.By$ByXPath.findElement(By.java:353)\r\n\tat org.openqa.selenium.remote.RemoteWebDriver.findElement(RemoteWebDriver.java:315)\r\n\tat com.base.utils.BaseClass.findElementByXpath(BaseClass.java:181)\r\n\tat com.stepdefinition.LoginPageSD.validate_user_logged_successfully(LoginPageSD.java:45)\r\n\tat ✽.Validate User Logged successfully(file:///C:/Users/Admin/Oct(Selenium)%20&%20Dec(Project)/CucumberJan3/src/test/java/com/feature/files/LoginPage.feature:17)\r\n","duration":1116049900,"status":"failed"},"line":17,"name":"Validate User Logged successfully","match":{"location":"com.stepdefinition.LoginPageSD.validate_user_logged_successfully()"},"keyword":"Then "}]},{"start_timestamp":"2023-02-18T04:13:08.084Z","line":22,"name":"Login with different possibility of Credentials","description":"","id":"loginpage-testcases;login-with-different-possibility-of-credentials;;3","type":"scenario","keyword":"Scenario Outline","steps":[{"result":{"duration":6461742500,"status":"passed"},"line":12,"name":"Open Browser","match":{"location":"com.stepdefinition.LoginPageSD.open_browser()"},"keyword":"Given "},{"result":{"duration":5436066400,"status":"passed"},"line":13,"name":"Launch Adactin URL","match":{"location":"com.stepdefinition.LoginPageSD.launch_adactin_url()"},"keyword":"And "},{"result":{"duration":3634737900,"status":"passed"},"line":14,"name":"Enter the Username as \"Nithin\"","match":{"arguments":[{"val":"\"Nithin\"","offset":22}],"location":"com.stepdefinition.LoginPageSD.enter_the_username_as(java.lang.String)"},"keyword":"When "},{"result":{"duration":6629018200,"status":"passed"},"line":15,"name":"Enter the Password as \"nithin123\"","match":{"arguments":[{"val":"\"nithin123\"","offset":22}],"location":"com.stepdefinition.LoginPageSD.enter_the_password_as(java.lang.String)"},"keyword":"And "},{"result":{"duration":3300298300,"status":"passed"},"line":16,"name":"Click on Login button","match":{"location":"com.stepdefinition.LoginPageSD.click_on_login_button()"},"keyword":"And "},{"result":{"error_message":"org.openqa.selenium.NoSuchElementException: no such element: Unable to locate element: {\"method\":\"xpath\",\"selector\":\"//*[@name='username_show']\"}\n  (Session info: chrome=110.0.5481.96)\nFor documentation on this error, please visit: https://www.seleniumhq.org/exceptions/no_such_element.html\nBuild info: version: '3.141.59', revision: 'e82be7d358', time: '2018-11-14T08:17:03'\nSystem info: host: 'LAPTOP-O1ONHJO3', ip: '192.168.25.31', os.name: 'Windows 10', os.arch: 'amd64', os.version: '10.0', java.version: '16.0.2'\nDriver info: org.openqa.selenium.chrome.ChromeDriver\nCapabilities {acceptInsecureCerts: false, browserName: chrome, browserVersion: 110.0.5481.96, chrome: {chromedriverVersion: 110.0.5481.77 (65ed616c6e8e..., userDataDir: C:\\Users\\Admin\\AppData\\Loca...}, goog:chromeOptions: {debuggerAddress: localhost:56686}, javascriptEnabled: true, networkConnectionEnabled: false, pageLoadStrategy: normal, platform: WINDOWS, platformName: WINDOWS, proxy: Proxy(), setWindowRect: true, strictFileInteractability: false, timeouts: {implicit: 0, pageLoad: 300000, script: 30000}, unhandledPromptBehavior: dismiss and notify, webauthn:extension:credBlob: true, webauthn:extension:largeBlob: true, webauthn:virtualAuthenticators: true}\nSession ID: ed0f7d721560a3bc20dfc2c5d688947d\n*** Element info: {Using=xpath, value=//*[@name='username_show']}\r\n\tat java.base/jdk.internal.reflect.NativeConstructorAccessorImpl.newInstance0(Native Method)\r\n\tat java.base/jdk.internal.reflect.NativeConstructorAccessorImpl.newInstance(NativeConstructorAccessorImpl.java:78)\r\n\tat java.base/jdk.internal.reflect.DelegatingConstructorAccessorImpl.newInstance(DelegatingConstructorAccessorImpl.java:45)\r\n\tat java.base/java.lang.reflect.Constructor.newInstanceWithCaller(Constructor.java:499)\r\n\tat java.base/java.lang.reflect.Constructor.newInstance(Constructor.java:480)\r\n\tat org.openqa.selenium.remote.http.W3CHttpResponseCodec.createException(W3CHttpResponseCodec.java:187)\r\n\tat org.openqa.selenium.remote.http.W3CHttpResponseCodec.decode(W3CHttpResponseCodec.java:122)\r\n\tat org.openqa.selenium.remote.http.W3CHttpResponseCodec.decode(W3CHttpResponseCodec.java:49)\r\n\tat org.openqa.selenium.remote.HttpCommandExecutor.execute(HttpCommandExecutor.java:158)\r\n\tat org.openqa.selenium.remote.service.DriverCommandExecutor.execute(DriverCommandExecutor.java:83)\r\n\tat org.openqa.selenium.remote.RemoteWebDriver.execute(RemoteWebDriver.java:552)\r\n\tat org.openqa.selenium.remote.RemoteWebDriver.findElement(RemoteWebDriver.java:323)\r\n\tat org.openqa.selenium.remote.RemoteWebDriver.findElementByXPath(RemoteWebDriver.java:428)\r\n\tat org.openqa.selenium.By$ByXPath.findElement(By.java:353)\r\n\tat org.openqa.selenium.remote.RemoteWebDriver.findElement(RemoteWebDriver.java:315)\r\n\tat com.base.utils.BaseClass.findElementByXpath(BaseClass.java:181)\r\n\tat com.stepdefinition.LoginPageSD.validate_user_logged_successfully(LoginPageSD.java:45)\r\n\tat ✽.Validate User Logged successfully(file:///C:/Users/Admin/Oct(Selenium)%20&%20Dec(Project)/CucumberJan3/src/test/java/com/feature/files/LoginPage.feature:17)\r\n","duration":1128896200,"status":"failed"},"line":17,"name":"Validate User Logged successfully","match":{"location":"com.stepdefinition.LoginPageSD.validate_user_logged_successfully()"},"keyword":"Then "}]},{"start_timestamp":"2023-02-18T04:13:34.732Z","line":23,"name":"Login with different possibility of Credentials","description":"","id":"loginpage-testcases;login-with-different-possibility-of-credentials;;4","type":"scenario","keyword":"Scenario Outline","steps":[{"result":{"duration":14487046700,"status":"passed"},"line":12,"name":"Open Browser","match":{"location":"com.stepdefinition.LoginPageSD.open_browser()"},"keyword":"Given "},{"result":{"duration":8838658000,"status":"passed"},"line":13,"name":"Launch Adactin URL","match":{"location":"com.stepdefinition.LoginPageSD.launch_adactin_url()"},"keyword":"And "},{"result":{"duration":4471636100,"status":"passed"},"line":14,"name":"Enter the Username as \"kanmani\"","match":{"arguments":[{"val":"\"kanmani\"","offset":22}],"location":"com.stepdefinition.LoginPageSD.enter_the_username_as(java.lang.String)"},"keyword":"When "},{"result":{"duration":3075285400,"status":"passed"},"line":15,"name":"Enter the Password as \"kanmani123\"","match":{"arguments":[{"val":"\"kanmani123\"","offset":22}],"location":"com.stepdefinition.LoginPageSD.enter_the_password_as(java.lang.String)"},"keyword":"And "},{"result":{"duration":1588990500,"status":"passed"},"line":16,"name":"Click on Login button","match":{"location":"com.stepdefinition.LoginPageSD.click_on_login_button()"},"keyword":"And "},{"result":{"error_message":"org.openqa.selenium.NoSuchElementException: no such element: Unable to locate element: {\"method\":\"xpath\",\"selector\":\"//*[@name='username_show']\"}\n  (Session info: chrome=110.0.5481.96)\nFor documentation on this error, please visit: https://www.seleniumhq.org/exceptions/no_such_element.html\nBuild info: version: '3.141.59', revision: 'e82be7d358', time: '2018-11-14T08:17:03'\nSystem info: host: 'LAPTOP-O1ONHJO3', ip: '192.168.25.31', os.name: 'Windows 10', os.arch: 'amd64', os.version: '10.0', java.version: '16.0.2'\nDriver info: org.openqa.selenium.chrome.ChromeDriver\nCapabilities {acceptInsecureCerts: false, browserName: chrome, browserVersion: 110.0.5481.96, chrome: {chromedriverVersion: 110.0.5481.77 (65ed616c6e8e..., userDataDir: C:\\Users\\Admin\\AppData\\Loca...}, goog:chromeOptions: {debuggerAddress: localhost:56716}, javascriptEnabled: true, networkConnectionEnabled: false, pageLoadStrategy: normal, platform: WINDOWS, platformName: WINDOWS, proxy: Proxy(), setWindowRect: true, strictFileInteractability: false, timeouts: {implicit: 0, pageLoad: 300000, script: 30000}, unhandledPromptBehavior: dismiss and notify, webauthn:extension:credBlob: true, webauthn:extension:largeBlob: true, webauthn:virtualAuthenticators: true}\nSession ID: fb4f725da03e3a445de84c5333ed593c\n*** Element info: {Using=xpath, value=//*[@name='username_show']}\r\n\tat java.base/jdk.internal.reflect.NativeConstructorAccessorImpl.newInstance0(Native Method)\r\n\tat java.base/jdk.internal.reflect.NativeConstructorAccessorImpl.newInstance(NativeConstructorAccessorImpl.java:78)\r\n\tat java.base/jdk.internal.reflect.DelegatingConstructorAccessorImpl.newInstance(DelegatingConstructorAccessorImpl.java:45)\r\n\tat java.base/java.lang.reflect.Constructor.newInstanceWithCaller(Constructor.java:499)\r\n\tat java.base/java.lang.reflect.Constructor.newInstance(Constructor.java:480)\r\n\tat org.openqa.selenium.remote.http.W3CHttpResponseCodec.createException(W3CHttpResponseCodec.java:187)\r\n\tat org.openqa.selenium.remote.http.W3CHttpResponseCodec.decode(W3CHttpResponseCodec.java:122)\r\n\tat org.openqa.selenium.remote.http.W3CHttpResponseCodec.decode(W3CHttpResponseCodec.java:49)\r\n\tat org.openqa.selenium.remote.HttpCommandExecutor.execute(HttpCommandExecutor.java:158)\r\n\tat org.openqa.selenium.remote.service.DriverCommandExecutor.execute(DriverCommandExecutor.java:83)\r\n\tat org.openqa.selenium.remote.RemoteWebDriver.execute(RemoteWebDriver.java:552)\r\n\tat org.openqa.selenium.remote.RemoteWebDriver.findElement(RemoteWebDriver.java:323)\r\n\tat org.openqa.selenium.remote.RemoteWebDriver.findElementByXPath(RemoteWebDriver.java:428)\r\n\tat org.openqa.selenium.By$ByXPath.findElement(By.java:353)\r\n\tat org.openqa.selenium.remote.RemoteWebDriver.findElement(RemoteWebDriver.java:315)\r\n\tat com.base.utils.BaseClass.findElementByXpath(BaseClass.java:181)\r\n\tat com.stepdefinition.LoginPageSD.validate_user_logged_successfully(LoginPageSD.java:45)\r\n\tat ✽.Validate User Logged successfully(file:///C:/Users/Admin/Oct(Selenium)%20&%20Dec(Project)/CucumberJan3/src/test/java/com/feature/files/LoginPage.feature:17)\r\n","duration":80151700,"status":"failed"},"line":17,"name":"Validate User Logged successfully","match":{"location":"com.stepdefinition.LoginPageSD.validate_user_logged_successfully()"},"keyword":"Then "}]}],"name":"LoginPage TestCases","description":"","id":"loginpage-testcases","keyword":"Feature","uri":"file:src/test/java/com/feature/files/LoginPage.feature","tags":[]}]